<?xml version="1.0" encoding="UTF-8"?>
<testng-results ignored="0" total="1" passed="1" failed="0" skipped="0">
  <reporter-output>
  </reporter-output>
  <suite started-at="2023-12-28T16:03:07 EET" name="Default suite" finished-at="2023-12-28T16:04:13 EET" duration-ms="65461">
    <groups>
    </groups>
    <test started-at="2023-12-28T16:03:07 EET" name="Default test" finished-at="2023-12-28T16:04:13 EET" duration-ms="65461">
      <class name="signupTest.signupTestCases">
        <test-method is-config="true" signature="setUp()[pri:0, instance:signupTest.signupTestCases@1ed6388a]" started-at="2023-12-28T16:03:07 EET" name="setUp" finished-at="2023-12-28T16:03:11 EET" duration-ms="3970" status="PASS">
          <reporter-output>
          </reporter-output>
        </test-method> <!-- setUp -->
        <test-method signature="signupTest()[pri:0, instance:signupTest.signupTestCases@1ed6388a]" started-at="2023-12-28T16:03:11 EET" name="signupTest" finished-at="2023-12-28T16:04:13 EET" duration-ms="61462" status="PASS">
          <reporter-output>
          </reporter-output>
        </test-method> <!-- signupTest -->
      </class> <!-- signupTest.signupTestCases -->
    </test> <!-- Default test -->
  </suite> <!-- Default suite -->
</testng-results>
